[2023-03-06T09:33:00.177503+01:00] api.ERROR: [Syntax Error] line 0, col 7: Error: Expected IdentificationVariable | ScalarExpression | AggregateExpression | FunctionDeclaration | PartialObjectExpression | "(" Subselect ")" | CaseExpression, got 'Project4\Entity\Posts' [] []
[2023-03-06T09:34:32.897665+01:00] api.ERROR: [Syntax Error] line 0, col 7: Error: Expected IdentificationVariable | ScalarExpression | AggregateExpression | FunctionDeclaration | PartialObjectExpression | "(" Subselect ")" | CaseExpression, got 'Project4\Entity\Posts' [] []
[2023-03-06T09:35:51.368076+01:00] api.ERROR: Call to undefined method Project4\Repository\PostsRepositoryFromDoctrine::GetById() [] []
[2023-03-06T09:36:15.055601+01:00] api.ERROR: Project4\Repository\PostsRepositoryFromDoctrine::find(): Return value must be of type Project4\Entity\Posts, null returned [] []
[2023-03-06T09:39:05.132988+01:00] api.ERROR: post ID not found [] []
[2023-03-06T09:39:13.386116+01:00] api.ERROR: post ID not found [] []
[2023-03-06T09:39:33.060418+01:00] api.ERROR: post ID not found [] []
[2023-03-06T09:40:12.685207+01:00] api.ERROR: Warning Post ID not found! [] []
[2023-03-06T09:42:59.804082+01:00] api.ERROR: Object of class DoctrineProxies\__CG__\Project4\Entity\Posts could not be converted to string [] []
[2023-03-06T09:44:51.306154+01:00] api.ERROR: Object of class DoctrineProxies\__CG__\Project4\Entity\Posts could not be converted to string [] []
[2023-03-06T09:51:58.286542+01:00] api.ERROR: EntityManager#remove() expects parameter 1 to be an entity object, NULL given. [] []
[2023-03-06T09:52:03.667750+01:00] api.ERROR: EntityManager#remove() expects parameter 1 to be an entity object, NULL given. [] []
[2023-03-06T09:52:25.051978+01:00] api.ERROR: EntityManager#remove() expects parameter 1 to be an entity object, NULL given. [] []
[2023-03-06T09:53:19.597014+01:00] api.ERROR: EntityManager#remove() expects parameter 1 to be an entity object, NULL given. [] []
[2023-03-06T09:54:07.946920+01:00] api.ERROR: Warning Post ID not found! [] []
[2023-03-06T09:55:22.954677+01:00] api.ERROR: Object of class Project4\Entity\Posts could not be converted to string [] []
[2023-03-06T09:56:49.934236+01:00] api.ERROR: Warning Post ID not found or already deleted! [] []
[2023-03-06T09:56:53.788843+01:00] api.ERROR: Warning Post ID not found or already deleted! [] []
[2023-03-06T09:57:14.402118+01:00] api.ERROR: Object of class Project4\Entity\Posts could not be converted to string [] []
[2023-03-06T09:58:00.657229+01:00] api.ERROR: Warning Post ID not found or already deleted! [] []
[2023-03-06T09:58:18.811221+01:00] api.ERROR: Warning Post ID not found or already deleted! [] []
[2023-03-06T10:02:00.163164+01:00] api.ERROR: Warning Post ID not found! [] []
[2023-03-06T10:04:23.027185+01:00] api.ERROR: Invalid UUID string: 92a5ed72-a357-47cf-8df6-458d8867189 [] []
[2023-03-06T10:04:33.618149+01:00] api.ERROR: Warning Post ID not found check if it is correct and try again! [] []
[2023-03-06T10:18:11.303607+01:00] api.ERROR: Warning Post ID not found check if it is correct and try again! [] []
[2023-03-06T10:18:59.535001+01:00] api.ERROR: Warning Post ID not found check if it is correct and try again! [] []
[2023-03-06T10:19:45.337260+01:00] api.ERROR: Warning Post ID not found check if it is correct and try again! [] []
[2023-03-06T10:20:03.364389+01:00] api.ERROR: Warning Post ID not found check if it is correct and try again! [] []
[2023-03-06T10:21:16.390229+01:00] api.ERROR: Warning Post ID not found check if it is correct and try again! [] []
[2023-03-06T10:24:14.226661+01:00] api.ERROR: Warning Post ID not found check if it is correct and try again! [] []
[2023-03-06T10:24:53.540937+01:00] api.ERROR: Warning Post ID not found check if it is correct and try again! [] []
[2023-03-06T10:25:07.621609+01:00] api.ERROR: Warning Post ID not found check if it is correct and try again! [] []
[2023-03-06T10:25:44.780599+01:00] api.ERROR: Warning Post ID not found check if it is correct and try again! [] []
[2023-03-06T10:25:56.199347+01:00] api.ERROR: Warning Post ID not found check if it is correct and try again! [] []
